0 info it worked if it ends with ok
1 verbose cli [ 'd:\\nodejs\\node.exe',
1 verbose cli   'd:\\nodejs\\node_modules\\npm\\bin\\npm-cli.js',
1 verbose cli   'install',
1 verbose cli   'rice-rename' ]
2 info using npm@4.0.5
3 info using node@v7.4.0
4 silly loadCurrentTree Starting
5 silly install loadCurrentTree
6 silly install readLocalPackageData
7 silly fetchPackageMetaData rice-rename
8 silly fetchNamedPackageData rice-rename
9 silly mapToRegistry name rice-rename
10 silly mapToRegistry using default registry
11 silly mapToRegistry registry https://registry.npmjs.org/
12 silly mapToRegistry data Result {
12 silly mapToRegistry   raw: 'rice-rename',
12 silly mapToRegistry   scope: null,
12 silly mapToRegistry   escapedName: 'rice-rename',
12 silly mapToRegistry   name: 'rice-rename',
12 silly mapToRegistry   rawSpec: '',
12 silly mapToRegistry   spec: 'latest',
12 silly mapToRegistry   type: 'tag' }
13 silly mapToRegistry uri https://registry.npmjs.org/rice-rename
14 verbose request uri https://registry.npmjs.org/rice-rename
15 verbose request no auth needed
16 info attempt registry request try #1 at 20:03:42
17 verbose request using bearer token for auth
18 verbose request id c85c44e0251f0e03
19 http request GET https://registry.npmjs.org/rice-rename
20 http 200 https://registry.npmjs.org/rice-rename
21 verbose headers { server: 'nginx/1.10.1',
21 verbose headers   'content-type': 'application/json',
21 verbose headers   'last-modified': 'Wed, 22 Mar 2017 12:03:25 GMT',
21 verbose headers   etag: 'W/"58d2680d-2beb"',
21 verbose headers   'content-encoding': 'gzip',
21 verbose headers   'cache-control': 'max-age=300',
21 verbose headers   'transfer-encoding': 'chunked',
21 verbose headers   'accept-ranges': 'bytes',
21 verbose headers   date: 'Wed, 22 Mar 2017 12:03:42 GMT',
21 verbose headers   via: '1.1 varnish',
21 verbose headers   connection: 'keep-alive',
21 verbose headers   'x-served-by': 'cache-itm7425-ITM',
21 verbose headers   'x-cache': 'MISS',
21 verbose headers   'x-cache-hits': '0',
21 verbose headers   'x-timer': 'S1490184221.690148,VS0,VE571',
21 verbose headers   vary: 'Accept-Encoding' }
22 silly get cb [ 200,
22 silly get   { server: 'nginx/1.10.1',
22 silly get     'content-type': 'application/json',
22 silly get     'last-modified': 'Wed, 22 Mar 2017 12:03:25 GMT',
22 silly get     etag: 'W/"58d2680d-2beb"',
22 silly get     'content-encoding': 'gzip',
22 silly get     'cache-control': 'max-age=300',
22 silly get     'transfer-encoding': 'chunked',
22 silly get     'accept-ranges': 'bytes',
22 silly get     date: 'Wed, 22 Mar 2017 12:03:42 GMT',
22 silly get     via: '1.1 varnish',
22 silly get     connection: 'keep-alive',
22 silly get     'x-served-by': 'cache-itm7425-ITM',
22 silly get     'x-cache': 'MISS',
22 silly get     'x-cache-hits': '0',
22 silly get     'x-timer': 'S1490184221.690148,VS0,VE571',
22 silly get     vary: 'Accept-Encoding' } ]
23 verbose get saving rice-rename to d:\nodejs\node-cache\registry.npmjs.org\rice-rename\.cache.json
24 verbose correctMkdir d:\nodejs\node-cache correctMkdir not in flight; initializing
25 silly install normalizeTree
26 silly loadCurrentTree Finishing
27 silly loadIdealTree Starting
28 silly install loadIdealTree
29 silly cloneCurrentTree Starting
30 silly install cloneCurrentTreeToIdealTree
31 silly cloneCurrentTree Finishing
32 silly loadShrinkwrap Starting
33 silly install loadShrinkwrap
34 silly loadShrinkwrap Finishing
35 silly loadAllDepsIntoIdealTree Starting
36 silly install loadAllDepsIntoIdealTree
37 silly rollbackFailedOptional Starting
38 silly rollbackFailedOptional Finishing
39 silly runTopLevelLifecycles Finishing
40 silly install printInstalled
41 verbose stack Error: Refusing to install package with name "rice-rename" under a package
41 verbose stack also called "rice-rename". Did you name your project the same
41 verbose stack as the dependency you're installing?
41 verbose stack
41 verbose stack For more information, see:
41 verbose stack     <https://docs.npmjs.com/cli/install#limitations-of-npms-install-algorithm>
41 verbose stack     at checkSelf (d:\nodejs\node_modules\npm\lib\install\validate-args.js:53:14)
41 verbose stack     at Array.<anonymous> (d:\nodejs\node_modules\npm\node_modules\slide\lib\bind-actor.js:15:8)
41 verbose stack     at LOOP (d:\nodejs\node_modules\npm\node_modules\slide\lib\chain.js:15:14)
41 verbose stack     at chain (d:\nodejs\node_modules\npm\node_modules\slide\lib\chain.js:20:5)
41 verbose stack     at d:\nodejs\node_modules\npm\lib\install\validate-args.js:16:5
41 verbose stack     at d:\nodejs\node_modules\npm\node_modules\slide\lib\async-map.js:52:35
41 verbose stack     at Array.forEach (native)
41 verbose stack     at d:\nodejs\node_modules\npm\node_modules\slide\lib\async-map.js:52:11
41 verbose stack     at Array.forEach (native)
41 verbose stack     at asyncMap (d:\nodejs\node_modules\npm\node_modules\slide\lib\async-map.js:51:8)
42 verbose cwd C:\Users\Administrator\Desktop\rename
43 error Windows_NT 6.1.7601
44 error argv "d:\\nodejs\\node.exe" "d:\\nodejs\\node_modules\\npm\\bin\\npm-cli.js" "install" "rice-rename"
45 error node v7.4.0
46 error npm  v4.0.5
47 error code ENOSELF
48 error Refusing to install package with name "rice-rename" under a package
48 error also called "rice-rename". Did you name your project the same
48 error as the dependency you're installing?
48 error
48 error For more information, see:
48 error     <https://docs.npmjs.com/cli/install#limitations-of-npms-install-algorithm>
49 error If you need help, you may report this error at:
49 error     <https://github.com/npm/npm/issues>
50 verbose exit [ 1, true ]
